\BOOKMARK [1][-]{section.1}{Matematyka}{}% 1
\BOOKMARK [2][-]{subsection.1.1}{Koordynaty}{section.1}% 2
\BOOKMARK [3][-]{subsubsection.1.1.1}{Kartezjanskie}{subsection.1.1}% 3
\BOOKMARK [3][-]{subsubsection.1.1.2}{Biegunowe \(2D\)}{subsection.1.1}% 4
\BOOKMARK [3][-]{subsubsection.1.1.3}{Sferyczne \(3D\)}{subsection.1.1}% 5
\BOOKMARK [2][-]{subsection.1.2}{Operacje na punktach}{section.1}% 6
\BOOKMARK [3][-]{subsubsection.1.2.1}{Skalowanie}{subsection.1.2}% 7
\BOOKMARK [3][-]{subsubsection.1.2.2}{Obroty}{subsection.1.2}% 8
\BOOKMARK [1][-]{section.2}{Atrybuty}{}% 9
\BOOKMARK [2][-]{subsection.2.1}{Na klase}{section.2}% 10
\BOOKMARK [2][-]{subsection.2.2}{Na pole}{section.2}% 11
\BOOKMARK [1][-]{section.3}{MonoBehaviour}{}% 12
\BOOKMARK [2][-]{subsection.3.1}{Callbacki}{section.3}% 13
\BOOKMARK [2][-]{subsection.3.2}{Zmienne/pola}{section.3}% 14
\BOOKMARK [2][-]{subsection.3.3}{Metody}{section.3}% 15
\BOOKMARK [1][-]{section.4}{Klasa Input}{}% 16
\BOOKMARK [2][-]{subsection.4.1}{Pola}{section.4}% 17
\BOOKMARK [2][-]{subsection.4.2}{Metody}{section.4}% 18
\BOOKMARK [1][-]{section.5}{Klasa Screen}{}% 19
\BOOKMARK [2][-]{subsection.5.1}{Zmienne statyczne}{section.5}% 20
\BOOKMARK [2][-]{subsection.5.2}{Metody}{section.5}% 21
\BOOKMARK [1][-]{section.6}{Gizmos}{}% 22
\BOOKMARK [2][-]{subsection.6.1}{Pola}{section.6}% 23
\BOOKMARK [2][-]{subsection.6.2}{Metody}{section.6}% 24
\BOOKMARK [1][-]{section.7}{Korutyny}{}% 25
